<?xml version="1.0" encoding="UTF-8"?>
<!-- Generated by org.testng.reporters.JUnitXMLReporter -->
<testsuite ignored="0" hostname="IT-PF2ZZQSP" failures="0" tests="4" name="Default test" time="6.195" errors="0" timestamp="2022-05-30T09:45:43 EET">
  <testcase classname="apiPackage.ApiTest" name="testStatusCodeGetAll" time="4.624"/>
  <testcase classname="apiPackage.ApiTest" name="testStatusCodeGetByInvalidLocation" time="0.203"/>
  <testcase classname="apiPackage.ApiTest" name="testStatusCodeGetByValidLocation" time="0.036"/>
  <testcase classname="apiPackage.ApiTest" name="testStatusCodePostLocation" time="0.54"/>
</testsuite> <!-- Default test -->
