<?xml version="1.0" encoding="UTF-8"?>
<testsuite xmlns:xsi="http://www.w3.org/2001/XMLSchema-instance" xsi:noNamespaceSchemaLocation="https://maven.apache.org/surefire/maven-surefire-plugin/xsd/surefire-test-report.xsd" name="TestSuite" time="6.947" tests="4" errors="0" skipped="0" failures="0">
  <properties>
[...]
</properties>
  <testcase name="testStatusCodeGetAll" classname="apiPackage.ApiTest" time="2.968"/>
  <testcase name="testStatusCodeGetByInvalidLocation" classname="apiPackage.ApiTest" time="0.259"/>
  <testcase name="testStatusCodeGetByValidLocation" classname="apiPackage.ApiTest" time="0.033"/>
  <testcase name="testStatusCodePostLocation" classname="apiPackage.ApiTest" time="0.186"/>
</testsuite>