<?xml version="1.0" encoding="UTF-8"?>
<!-- Generated by org.testng.reporters.JUnitXMLReporter -->
<testsuite hostname="IT-PF2ZZQSP" ignored="0" name="Regression Tests" tests="4" failures="0" timestamp="2022-05-30T10:52:24 EET" time="4.225" errors="0">
  <testcase name="testStatusCodeGetAll" time="2.965" classname="apiPackage.ApiTest"/>
  <testcase name="testStatusCodeGetByInvalidLocation" time="0.262" classname="apiPackage.ApiTest"/>
  <testcase name="testStatusCodeGetByValidLocation" time="0.034" classname="apiPackage.ApiTest"/>
  <testcase name="testStatusCodePostLocation" time="0.187" classname="apiPackage.ApiTest"/>
</testsuite> <!-- Regression Tests -->
