<?xml version="1.0" encoding="UTF-8"?>
<testng-results ignored="0" total="4" passed="4" failed="0" skipped="0">
  <reporter-output>
  </reporter-output>
  <suite started-at="2022-05-30T09:45:37 EET" name="Default suite" finished-at="2022-05-30T09:45:43 EET" duration-ms="6195">
    <groups>
    </groups>
    <test started-at="2022-05-30T09:45:37 EET" name="Default test" finished-at="2022-05-30T09:45:43 EET" duration-ms="6195">
      <class name="apiPackage.ApiTest">
        <test-method is-config="true" signature="startServer()[pri:0, instance:apiPackage.ApiTest@66ea1466]" started-at="2022-05-30T09:45:37 EET" name="startServer" finished-at="2022-05-30T09:45:38 EET" duration-ms="726" status="PASS">
          <reporter-output>
          </reporter-output>
        </test-method> <!-- startServer -->
        <test-method signature="testStatusCodeGetAll()[pri:0, instance:apiPackage.ApiTest@66ea1466]" started-at="2022-05-30T09:45:38 EET" name="testStatusCodeGetAll" finished-at="2022-05-30T09:45:42 EET" duration-ms="4624" status="PASS">
          <reporter-output>
          </reporter-output>
        </test-method> <!-- testStatusCodeGetAll -->
        <test-method signature="testStatusCodeGetByInvalidLocation()[pri:0, instance:apiPackage.ApiTest@66ea1466]" started-at="2022-05-30T09:45:42 EET" name="testStatusCodeGetByInvalidLocation" finished-at="2022-05-30T09:45:43 EET" duration-ms="203" status="PASS">
          <reporter-output>
          </reporter-output>
        </test-method> <!-- testStatusCodeGetByInvalidLocation -->
        <test-method signature="testStatusCodeGetByValidLocation()[pri:0, instance:apiPackage.ApiTest@66ea1466]" started-at="2022-05-30T09:45:43 EET" name="testStatusCodeGetByValidLocation" finished-at="2022-05-30T09:45:43 EET" duration-ms="36" status="PASS">
          <reporter-output>
          </reporter-output>
        </test-method> <!-- testStatusCodeGetByValidLocation -->
        <test-method signature="testStatusCodePostLocation()[pri:0, instance:apiPackage.ApiTest@66ea1466]" started-at="2022-05-30T09:45:43 EET" name="testStatusCodePostLocation" finished-at="2022-05-30T09:45:43 EET" duration-ms="540" status="PASS">
          <reporter-output>
          </reporter-output>
        </test-method> <!-- testStatusCodePostLocation -->
        <test-method is-config="true" signature="tearDown()[pri:0, instance:apiPackage.ApiTest@66ea1466]" started-at="2022-05-30T09:45:43 EET" name="tearDown" finished-at="2022-05-30T09:45:43 EET" duration-ms="2" status="PASS">
          <reporter-output>
          </reporter-output>
        </test-method> <!-- tearDown -->
      </class> <!-- apiPackage.ApiTest -->
    </test> <!-- Default test -->
  </suite> <!-- Default suite -->
</testng-results>
