<?xml version="1.0" encoding="UTF-8"?>
<!-- Generated by org.testng.reporters.JUnitReportReporter -->
<testsuite hostname="IT-PF2ZZQSP" failures="1" tests="3" name="runner.Runner" time="98.430" errors="0" timestamp="2022-05-29T18:14:03 EET" skipped="0">
  <testcase classname="runner.Runner" name="runScenario" time="22.622">
    <failure message="Element number 59 wrong result for search expected [true] but found [false]" type="java.lang.AssertionError">
      <![CDATA[java.lang.AssertionError: Element number 59 wrong result for search expected [true] but found [false]
at org.testng.Assert.fail(Assert.java:99)
at org.testng.Assert.failNotEquals(Assert.java:1037)
at org.testng.Assert.assertEqualsImpl(Assert.java:140)
at org.testng.Assert.assertEquals(Assert.java:122)
at org.testng.Assert.assertEquals(Assert.java:819)
at pages.HomePage.getSearchResult(HomePage.java:62)
at stepDefinition.HomePageSteps.i_get_alist_of_matching_results(HomePageSteps.java:44)
at ✽.I get a list of matching results(file:///C:/Users/shaimaashehata/Downloads/eclipse-workspace/ebay/src/test/resources/features/ebaySearch.feature:25)
]]>
    </failure>
  </testcase> <!-- runScenario -->
  <system-out/>
  <testcase classname="runner.Runner" name="runScenario" time="32.337"/>
  <system-out/>
  <testcase classname="runner.Runner" name="runScenario" time="43.471"/>
  <system-out/>
</testsuite> <!-- runner.Runner -->
